C:\Program Files\Microsoft Visual Studio\2022\Community\MSBuild\Microsoft\VC\v170\Microsoft.CppBuild.targets(534,5): warning MSB8028: The intermediate directory (x64\Debug\) contains files shared from another project (SNU_BMT_GUI_Submitter_Windows_MSVC2022_64bit.vcxproj).  This can lead to incorrect clean and rebuild behavior.
  ObjectDetection_Implementation.cpp
D:\AI-BMT\SNU_BMT_GUI_Submitter_Windows\AI_BMT_GUI_Submitter_Windows_MSVC2022_64bit\ObjectDetection_Implementation.cpp(1,1): warning C4819: The file contains a character that cannot be represented in the current code page (949). Save the file in Unicode format to prevent data loss
D:\AI-BMT\SNU_BMT_GUI_Submitter_Windows\include\ai_bmt_interface.h(1,1): warning C4819: The file contains a character that cannot be represented in the current code page (949). Save the file in Unicode format to prevent data loss
  (compiling source file 'ObjectDetection_Implementation.cpp')
  
D:\AI-BMT\SNU_BMT_GUI_Submitter_Windows\include\ai_bmt_interface.h(32,19): warning C4251: 'BMTResult::classProbabilities': 'std::vector<float,std::allocator<float>>' needs to have dll-interface to be used by clients of 'BMTResult'
  (compiling source file 'ObjectDetection_Implementation.cpp')
      C:\Program Files\Microsoft Visual Studio\2022\Community\VC\Tools\MSVC\14.43.34808\include\vector(429,7):
      see declaration of 'std::vector<float,std::allocator<float>>'
  
D:\AI-BMT\SNU_BMT_GUI_Submitter_Windows\include\ai_bmt_interface.h(38,19): warning C4251: 'BMTResult::objectDetectionResult': 'std::vector<float,std::allocator<float>>' needs to have dll-interface to be used by clients of 'BMTResult'
  (compiling source file 'ObjectDetection_Implementation.cpp')
      C:\Program Files\Microsoft Visual Studio\2022\Community\VC\Tools\MSVC\14.43.34808\include\vector(429,7):
      see declaration of 'std::vector<float,std::allocator<float>>'
  
D:\AI-BMT\SNU_BMT_GUI_Submitter_Windows\include\ai_bmt_interface.h(43,19): warning C4251: 'BMTResult::segmentationResult': 'std::vector<float,std::allocator<float>>' needs to have dll-interface to be used by clients of 'BMTResult'
  (compiling source file 'ObjectDetection_Implementation.cpp')
      C:\Program Files\Microsoft Visual Studio\2022\Community\VC\Tools\MSVC\14.43.34808\include\vector(429,7):
      see declaration of 'std::vector<float,std::allocator<float>>'
  
D:\AI-BMT\SNU_BMT_GUI_Submitter_Windows\include\ai_bmt_interface.h(50,12): warning C4251: 'Optional_Data::cpu_type': 'std::basic_string<char,std::char_traits<char>,std::allocator<char>>' needs to have dll-interface to be used by clients of 'Optional_Data'
  (compiling source file 'ObjectDetection_Implementation.cpp')
      C:\Program Files\Microsoft Visual Studio\2022\Community\VC\Tools\MSVC\14.43.34808\include\xstring(522,7):
      see declaration of 'std::basic_string<char,std::char_traits<char>,std::allocator<char>>'
  
D:\AI-BMT\SNU_BMT_GUI_Submitter_Windows\include\ai_bmt_interface.h(51,12): warning C4251: 'Optional_Data::accelerator_type': 'std::basic_string<char,std::char_traits<char>,std::allocator<char>>' needs to have dll-interface to be used by clients of 'Optional_Data'
  (compiling source file 'ObjectDetection_Implementation.cpp')
      C:\Program Files\Microsoft Visual Studio\2022\Community\VC\Tools\MSVC\14.43.34808\include\xstring(522,7):
      see declaration of 'std::basic_string<char,std::char_traits<char>,std::allocator<char>>'
  
D:\AI-BMT\SNU_BMT_GUI_Submitter_Windows\include\ai_bmt_interface.h(52,12): warning C4251: 'Optional_Data::submitter': 'std::basic_string<char,std::char_traits<char>,std::allocator<char>>' needs to have dll-interface to be used by clients of 'Optional_Data'
  (compiling source file 'ObjectDetection_Implementation.cpp')
      C:\Program Files\Microsoft Visual Studio\2022\Community\VC\Tools\MSVC\14.43.34808\include\xstring(522,7):
      see declaration of 'std::basic_string<char,std::char_traits<char>,std::allocator<char>>'
  
D:\AI-BMT\SNU_BMT_GUI_Submitter_Windows\include\ai_bmt_interface.h(53,12): warning C4251: 'Optional_Data::cpu_core_count': 'std::basic_string<char,std::char_traits<char>,std::allocator<char>>' needs to have dll-interface to be used by clients of 'Optional_Data'
  (compiling source file 'ObjectDetection_Implementation.cpp')
      C:\Program Files\Microsoft Visual Studio\2022\Community\VC\Tools\MSVC\14.43.34808\include\xstring(522,7):
      see declaration of 'std::basic_string<char,std::char_traits<char>,std::allocator<char>>'
  
D:\AI-BMT\SNU_BMT_GUI_Submitter_Windows\include\ai_bmt_interface.h(54,12): warning C4251: 'Optional_Data::cpu_ram_capacity': 'std::basic_string<char,std::char_traits<char>,std::allocator<char>>' needs to have dll-interface to be used by clients of 'Optional_Data'
  (compiling source file 'ObjectDetection_Implementation.cpp')
      C:\Program Files\Microsoft Visual Studio\2022\Community\VC\Tools\MSVC\14.43.34808\include\xstring(522,7):
      see declaration of 'std::basic_string<char,std::char_traits<char>,std::allocator<char>>'
  
D:\AI-BMT\SNU_BMT_GUI_Submitter_Windows\include\ai_bmt_interface.h(55,12): warning C4251: 'Optional_Data::cooling': 'std::basic_string<char,std::char_traits<char>,std::allocator<char>>' needs to have dll-interface to be used by clients of 'Optional_Data'
  (compiling source file 'ObjectDetection_Implementation.cpp')
      C:\Program Files\Microsoft Visual Studio\2022\Community\VC\Tools\MSVC\14.43.34808\include\xstring(522,7):
      see declaration of 'std::basic_string<char,std::char_traits<char>,std::allocator<char>>'
  
D:\AI-BMT\SNU_BMT_GUI_Submitter_Windows\include\ai_bmt_interface.h(56,12): warning C4251: 'Optional_Data::cooling_option': 'std::basic_string<char,std::char_traits<char>,std::allocator<char>>' needs to have dll-interface to be used by clients of 'Optional_Data'
  (compiling source file 'ObjectDetection_Implementation.cpp')
      C:\Program Files\Microsoft Visual Studio\2022\Community\VC\Tools\MSVC\14.43.34808\include\xstring(522,7):
      see declaration of 'std::basic_string<char,std::char_traits<char>,std::allocator<char>>'
  
D:\AI-BMT\SNU_BMT_GUI_Submitter_Windows\include\ai_bmt_interface.h(57,12): warning C4251: 'Optional_Data::cpu_accelerator_interconnect_interface': 'std::basic_string<char,std::char_traits<char>,std::allocator<char>>' needs to have dll-interface to be used by clients of 'Optional_Data'
  (compiling source file 'ObjectDetection_Implementation.cpp')
      C:\Program Files\Microsoft Visual Studio\2022\Community\VC\Tools\MSVC\14.43.34808\include\xstring(522,7):
      see declaration of 'std::basic_string<char,std::char_traits<char>,std::allocator<char>>'
  
D:\AI-BMT\SNU_BMT_GUI_Submitter_Windows\include\ai_bmt_interface.h(58,12): warning C4251: 'Optional_Data::benchmark_model': 'std::basic_string<char,std::char_traits<char>,std::allocator<char>>' needs to have dll-interface to be used by clients of 'Optional_Data'
  (compiling source file 'ObjectDetection_Implementation.cpp')
      C:\Program Files\Microsoft Visual Studio\2022\Community\VC\Tools\MSVC\14.43.34808\include\xstring(522,7):
      see declaration of 'std::basic_string<char,std::char_traits<char>,std::allocator<char>>'
  
D:\AI-BMT\SNU_BMT_GUI_Submitter_Windows\include\ai_bmt_interface.h(59,12): warning C4251: 'Optional_Data::operating_system': 'std::basic_string<char,std::char_traits<char>,std::allocator<char>>' needs to have dll-interface to be used by clients of 'Optional_Data'
  (compiling source file 'ObjectDetection_Implementation.cpp')
      C:\Program Files\Microsoft Visual Studio\2022\Community\VC\Tools\MSVC\14.43.34808\include\xstring(522,7):
      see declaration of 'std::basic_string<char,std::char_traits<char>,std::allocator<char>>'
  
D:\AI-BMT\SNU_BMT_GUI_Submitter_Windows\include\ai_bmt_gui_caller.h(17,34): warning C4251: 'AI_BMT_GUI_CALLER::interface': 'std::shared_ptr<AI_BMT_Interface>' needs to have dll-interface to be used by clients of 'AI_BMT_GUI_CALLER'
  (compiling source file 'ObjectDetection_Implementation.cpp')
      C:\Program Files\Microsoft Visual Studio\2022\Community\VC\Tools\MSVC\14.43.34808\include\memory(1557,7):
      see declaration of 'std::shared_ptr<AI_BMT_Interface>'
  
D:\AI-BMT\SNU_BMT_GUI_Submitter_Windows\include\ai_bmt_gui_caller.h(18,12): warning C4251: 'AI_BMT_GUI_CALLER::modelPath': 'std::basic_string<char,std::char_traits<char>,std::allocator<char>>' needs to have dll-interface to be used by clients of 'AI_BMT_GUI_CALLER'
  (compiling source file 'ObjectDetection_Implementation.cpp')
      C:\Program Files\Microsoft Visual Studio\2022\Community\VC\Tools\MSVC\14.43.34808\include\xstring(522,7):
      see declaration of 'std::basic_string<char,std::char_traits<char>,std::allocator<char>>'
  
D:\AI-BMT\SNU_BMT_GUI_Submitter_Windows\AI_BMT_GUI_Submitter_Windows_MSVC2022_64bit\ObjectDetection_Implementation.cpp(104,40): warning C4267: 'initializing': conversion from 'size_t' to 'int', possible loss of data
D:\AI-BMT\SNU_BMT_GUI_Submitter_Windows\AI_BMT_GUI_Submitter_Windows_MSVC2022_64bit\ObjectDetection_Implementation.cpp(104,29): warning C4267: 'initializing': conversion from 'size_t' to 'const int', possible loss of data
     Creating library D:\AI-BMT\SNU_BMT_GUI_Submitter_Windows\x64\Debug\AI_BMT_GUI_Submitter_Windows_MSVC2022_64bit.lib and object D:\AI-BMT\SNU_BMT_GUI_Submitter_Windows\x64\Debug\AI_BMT_GUI_Submitter_Windows_MSVC2022_64bit.exp
  AI_BMT_GUI_Submitter_Windows_MSVC2022_64bit.vcxproj -> D:\AI-BMT\SNU_BMT_GUI_Submitter_Windows\x64\Debug\AI_BMT_GUI_Submitter_Windows_MSVC2022_64bit.exe
