C:\Program Files\Microsoft Visual Studio\2022\Community\MSBuild\Microsoft\VC\v170\Microsoft.CppBuild.targets(534,5): warning MSB8028: 중간 디렉터리(x64\Debug\)에 다른 프로젝트(SNU_BMT_GUI_Submitter_Windows_MSVC2022_64bit.vcxproj)에서 공유하는 파일이 포함되어 있습니다.  이로 인해 잘못된 정리 및 다시 빌드 동작이 수행될 수 있습니다.
  Image_Classification_Implementaion.cpp
D:\AI-BMT\SNU_BMT_GUI_Submitter_Windows\include\snu_bmt_interface.h(24,19): warning C4251: 'BMTResult::classProbabilities': 'std::vector<float,std::allocator<float>>'에서는 'BMTResult'의 클라이언트에서 DLL 인터페이스를 사용하도록 지정해야 함
  (소스 파일 'Image_Classification_Implementaion.cpp'을(를) 컴파일하는 중)
      C:\Program Files\Microsoft Visual Studio\2022\Community\VC\Tools\MSVC\14.43.34808\include\vector(429,7):
      'std::vector<float,std::allocator<float>>' 선언을 참조하십시오.
  
D:\AI-BMT\SNU_BMT_GUI_Submitter_Windows\include\snu_bmt_interface.h(30,19): warning C4251: 'BMTResult::objectDetectionResult': 'std::vector<float,std::allocator<float>>'에서는 'BMTResult'의 클라이언트에서 DLL 인터페이스를 사용하도록 지정해야 함
  (소스 파일 'Image_Classification_Implementaion.cpp'을(를) 컴파일하는 중)
      C:\Program Files\Microsoft Visual Studio\2022\Community\VC\Tools\MSVC\14.43.34808\include\vector(429,7):
      'std::vector<float,std::allocator<float>>' 선언을 참조하십시오.
  
D:\AI-BMT\SNU_BMT_GUI_Submitter_Windows\include\snu_bmt_interface.h(37,12): warning C4251: 'Optional_Data::cpu_type': 'std::basic_string<char,std::char_traits<char>,std::allocator<char>>'에서는 'Optional_Data'의 클라이언트에서 DLL 인터페이스를 사용하도록 지정해야 함
  (소스 파일 'Image_Classification_Implementaion.cpp'을(를) 컴파일하는 중)
      C:\Program Files\Microsoft Visual Studio\2022\Community\VC\Tools\MSVC\14.43.34808\include\xstring(522,7):
      'std::basic_string<char,std::char_traits<char>,std::allocator<char>>' 선언을 참조하십시오.
  
D:\AI-BMT\SNU_BMT_GUI_Submitter_Windows\include\snu_bmt_interface.h(38,12): warning C4251: 'Optional_Data::accelerator_type': 'std::basic_string<char,std::char_traits<char>,std::allocator<char>>'에서는 'Optional_Data'의 클라이언트에서 DLL 인터페이스를 사용하도록 지정해야 함
  (소스 파일 'Image_Classification_Implementaion.cpp'을(를) 컴파일하는 중)
      C:\Program Files\Microsoft Visual Studio\2022\Community\VC\Tools\MSVC\14.43.34808\include\xstring(522,7):
      'std::basic_string<char,std::char_traits<char>,std::allocator<char>>' 선언을 참조하십시오.
  
D:\AI-BMT\SNU_BMT_GUI_Submitter_Windows\include\snu_bmt_interface.h(39,12): warning C4251: 'Optional_Data::submitter': 'std::basic_string<char,std::char_traits<char>,std::allocator<char>>'에서는 'Optional_Data'의 클라이언트에서 DLL 인터페이스를 사용하도록 지정해야 함
  (소스 파일 'Image_Classification_Implementaion.cpp'을(를) 컴파일하는 중)
      C:\Program Files\Microsoft Visual Studio\2022\Community\VC\Tools\MSVC\14.43.34808\include\xstring(522,7):
      'std::basic_string<char,std::char_traits<char>,std::allocator<char>>' 선언을 참조하십시오.
  
D:\AI-BMT\SNU_BMT_GUI_Submitter_Windows\include\snu_bmt_interface.h(40,12): warning C4251: 'Optional_Data::cpu_core_count': 'std::basic_string<char,std::char_traits<char>,std::allocator<char>>'에서는 'Optional_Data'의 클라이언트에서 DLL 인터페이스를 사용하도록 지정해야 함
  (소스 파일 'Image_Classification_Implementaion.cpp'을(를) 컴파일하는 중)
      C:\Program Files\Microsoft Visual Studio\2022\Community\VC\Tools\MSVC\14.43.34808\include\xstring(522,7):
      'std::basic_string<char,std::char_traits<char>,std::allocator<char>>' 선언을 참조하십시오.
  
D:\AI-BMT\SNU_BMT_GUI_Submitter_Windows\include\snu_bmt_interface.h(41,12): warning C4251: 'Optional_Data::cpu_ram_capacity': 'std::basic_string<char,std::char_traits<char>,std::allocator<char>>'에서는 'Optional_Data'의 클라이언트에서 DLL 인터페이스를 사용하도록 지정해야 함
  (소스 파일 'Image_Classification_Implementaion.cpp'을(를) 컴파일하는 중)
      C:\Program Files\Microsoft Visual Studio\2022\Community\VC\Tools\MSVC\14.43.34808\include\xstring(522,7):
      'std::basic_string<char,std::char_traits<char>,std::allocator<char>>' 선언을 참조하십시오.
  
D:\AI-BMT\SNU_BMT_GUI_Submitter_Windows\include\snu_bmt_interface.h(42,12): warning C4251: 'Optional_Data::cooling': 'std::basic_string<char,std::char_traits<char>,std::allocator<char>>'에서는 'Optional_Data'의 클라이언트에서 DLL 인터페이스를 사용하도록 지정해야 함
  (소스 파일 'Image_Classification_Implementaion.cpp'을(를) 컴파일하는 중)
      C:\Program Files\Microsoft Visual Studio\2022\Community\VC\Tools\MSVC\14.43.34808\include\xstring(522,7):
      'std::basic_string<char,std::char_traits<char>,std::allocator<char>>' 선언을 참조하십시오.
  
D:\AI-BMT\SNU_BMT_GUI_Submitter_Windows\include\snu_bmt_interface.h(43,12): warning C4251: 'Optional_Data::cooling_option': 'std::basic_string<char,std::char_traits<char>,std::allocator<char>>'에서는 'Optional_Data'의 클라이언트에서 DLL 인터페이스를 사용하도록 지정해야 함
  (소스 파일 'Image_Classification_Implementaion.cpp'을(를) 컴파일하는 중)
      C:\Program Files\Microsoft Visual Studio\2022\Community\VC\Tools\MSVC\14.43.34808\include\xstring(522,7):
      'std::basic_string<char,std::char_traits<char>,std::allocator<char>>' 선언을 참조하십시오.
  
D:\AI-BMT\SNU_BMT_GUI_Submitter_Windows\include\snu_bmt_interface.h(44,12): warning C4251: 'Optional_Data::cpu_accelerator_interconnect_interface': 'std::basic_string<char,std::char_traits<char>,std::allocator<char>>'에서는 'Optional_Data'의 클라이언트에서 DLL 인터페이스를 사용하도록 지정해야 함
  (소스 파일 'Image_Classification_Implementaion.cpp'을(를) 컴파일하는 중)
      C:\Program Files\Microsoft Visual Studio\2022\Community\VC\Tools\MSVC\14.43.34808\include\xstring(522,7):
      'std::basic_string<char,std::char_traits<char>,std::allocator<char>>' 선언을 참조하십시오.
  
D:\AI-BMT\SNU_BMT_GUI_Submitter_Windows\include\snu_bmt_interface.h(45,12): warning C4251: 'Optional_Data::benchmark_model': 'std::basic_string<char,std::char_traits<char>,std::allocator<char>>'에서는 'Optional_Data'의 클라이언트에서 DLL 인터페이스를 사용하도록 지정해야 함
  (소스 파일 'Image_Classification_Implementaion.cpp'을(를) 컴파일하는 중)
      C:\Program Files\Microsoft Visual Studio\2022\Community\VC\Tools\MSVC\14.43.34808\include\xstring(522,7):
      'std::basic_string<char,std::char_traits<char>,std::allocator<char>>' 선언을 참조하십시오.
  
D:\AI-BMT\SNU_BMT_GUI_Submitter_Windows\include\snu_bmt_interface.h(46,12): warning C4251: 'Optional_Data::operating_system': 'std::basic_string<char,std::char_traits<char>,std::allocator<char>>'에서는 'Optional_Data'의 클라이언트에서 DLL 인터페이스를 사용하도록 지정해야 함
  (소스 파일 'Image_Classification_Implementaion.cpp'을(를) 컴파일하는 중)
      C:\Program Files\Microsoft Visual Studio\2022\Community\VC\Tools\MSVC\14.43.34808\include\xstring(522,7):
      'std::basic_string<char,std::char_traits<char>,std::allocator<char>>' 선언을 참조하십시오.
  
D:\AI-BMT\SNU_BMT_GUI_Submitter_Windows\include\snu_bmt_gui_caller.h(17,35): warning C4251: 'SNU_BMT_GUI_CALLER::interface': 'std::shared_ptr<SNU_BMT_Interface>'에서는 'SNU_BMT_GUI_CALLER'의 클라이언트에서 DLL 인터페이스를 사용하도록 지정해야 함
  (소스 파일 'Image_Classification_Implementaion.cpp'을(를) 컴파일하는 중)
      C:\Program Files\Microsoft Visual Studio\2022\Community\VC\Tools\MSVC\14.43.34808\include\memory(1557,7):
      'std::shared_ptr<SNU_BMT_Interface>' 선언을 참조하십시오.
  
D:\AI-BMT\SNU_BMT_GUI_Submitter_Windows\include\snu_bmt_gui_caller.h(18,12): warning C4251: 'SNU_BMT_GUI_CALLER::modelPath': 'std::basic_string<char,std::char_traits<char>,std::allocator<char>>'에서는 'SNU_BMT_GUI_CALLER'의 클라이언트에서 DLL 인터페이스를 사용하도록 지정해야 함
  (소스 파일 'Image_Classification_Implementaion.cpp'을(를) 컴파일하는 중)
      C:\Program Files\Microsoft Visual Studio\2022\Community\VC\Tools\MSVC\14.43.34808\include\xstring(522,7):
      'std::basic_string<char,std::char_traits<char>,std::allocator<char>>' 선언을 참조하십시오.
  
D:\AI-BMT\SNU_BMT_GUI_Submitter_Windows\SNU_BMT_GUI_Submitter_Windows_MSVC2022_64bit\Image_Classification_Implementaion.cpp(92,39): warning C4305: '초기화 중': 'double'에서 '_Ty'(으)로 잘립니다.
D:\AI-BMT\SNU_BMT_GUI_Submitter_Windows\SNU_BMT_GUI_Submitter_Windows_MSVC2022_64bit\Image_Classification_Implementaion.cpp(92,39): warning C4305:         with
D:\AI-BMT\SNU_BMT_GUI_Submitter_Windows\SNU_BMT_GUI_Submitter_Windows_MSVC2022_64bit\Image_Classification_Implementaion.cpp(92,39): warning C4305:         [
D:\AI-BMT\SNU_BMT_GUI_Submitter_Windows\SNU_BMT_GUI_Submitter_Windows_MSVC2022_64bit\Image_Classification_Implementaion.cpp(92,39): warning C4305:             _Ty=float
D:\AI-BMT\SNU_BMT_GUI_Submitter_Windows\SNU_BMT_GUI_Submitter_Windows_MSVC2022_64bit\Image_Classification_Implementaion.cpp(92,39): warning C4305:         ]
D:\AI-BMT\SNU_BMT_GUI_Submitter_Windows\SNU_BMT_GUI_Submitter_Windows_MSVC2022_64bit\Image_Classification_Implementaion.cpp(92,46): warning C4305: '초기화 중': 'double'에서 '_Ty'(으)로 잘립니다.
D:\AI-BMT\SNU_BMT_GUI_Submitter_Windows\SNU_BMT_GUI_Submitter_Windows_MSVC2022_64bit\Image_Classification_Implementaion.cpp(92,46): warning C4305:         with
D:\AI-BMT\SNU_BMT_GUI_Submitter_Windows\SNU_BMT_GUI_Submitter_Windows_MSVC2022_64bit\Image_Classification_Implementaion.cpp(92,46): warning C4305:         [
D:\AI-BMT\SNU_BMT_GUI_Submitter_Windows\SNU_BMT_GUI_Submitter_Windows_MSVC2022_64bit\Image_Classification_Implementaion.cpp(92,46): warning C4305:             _Ty=float
D:\AI-BMT\SNU_BMT_GUI_Submitter_Windows\SNU_BMT_GUI_Submitter_Windows_MSVC2022_64bit\Image_Classification_Implementaion.cpp(92,46): warning C4305:         ]
D:\AI-BMT\SNU_BMT_GUI_Submitter_Windows\SNU_BMT_GUI_Submitter_Windows_MSVC2022_64bit\Image_Classification_Implementaion.cpp(92,53): warning C4305: '초기화 중': 'double'에서 '_Ty'(으)로 잘립니다.
D:\AI-BMT\SNU_BMT_GUI_Submitter_Windows\SNU_BMT_GUI_Submitter_Windows_MSVC2022_64bit\Image_Classification_Implementaion.cpp(92,53): warning C4305:         with
D:\AI-BMT\SNU_BMT_GUI_Submitter_Windows\SNU_BMT_GUI_Submitter_Windows_MSVC2022_64bit\Image_Classification_Implementaion.cpp(92,53): warning C4305:         [
D:\AI-BMT\SNU_BMT_GUI_Submitter_Windows\SNU_BMT_GUI_Submitter_Windows_MSVC2022_64bit\Image_Classification_Implementaion.cpp(92,53): warning C4305:             _Ty=float
D:\AI-BMT\SNU_BMT_GUI_Submitter_Windows\SNU_BMT_GUI_Submitter_Windows_MSVC2022_64bit\Image_Classification_Implementaion.cpp(92,53): warning C4305:         ]
D:\AI-BMT\SNU_BMT_GUI_Submitter_Windows\SNU_BMT_GUI_Submitter_Windows_MSVC2022_64bit\Image_Classification_Implementaion.cpp(93,38): warning C4305: '초기화 중': 'double'에서 '_Ty'(으)로 잘립니다.
D:\AI-BMT\SNU_BMT_GUI_Submitter_Windows\SNU_BMT_GUI_Submitter_Windows_MSVC2022_64bit\Image_Classification_Implementaion.cpp(93,38): warning C4305:         with
D:\AI-BMT\SNU_BMT_GUI_Submitter_Windows\SNU_BMT_GUI_Submitter_Windows_MSVC2022_64bit\Image_Classification_Implementaion.cpp(93,38): warning C4305:         [
D:\AI-BMT\SNU_BMT_GUI_Submitter_Windows\SNU_BMT_GUI_Submitter_Windows_MSVC2022_64bit\Image_Classification_Implementaion.cpp(93,38): warning C4305:             _Ty=float
D:\AI-BMT\SNU_BMT_GUI_Submitter_Windows\SNU_BMT_GUI_Submitter_Windows_MSVC2022_64bit\Image_Classification_Implementaion.cpp(93,38): warning C4305:         ]
D:\AI-BMT\SNU_BMT_GUI_Submitter_Windows\SNU_BMT_GUI_Submitter_Windows_MSVC2022_64bit\Image_Classification_Implementaion.cpp(93,45): warning C4305: '초기화 중': 'double'에서 '_Ty'(으)로 잘립니다.
D:\AI-BMT\SNU_BMT_GUI_Submitter_Windows\SNU_BMT_GUI_Submitter_Windows_MSVC2022_64bit\Image_Classification_Implementaion.cpp(93,45): warning C4305:         with
D:\AI-BMT\SNU_BMT_GUI_Submitter_Windows\SNU_BMT_GUI_Submitter_Windows_MSVC2022_64bit\Image_Classification_Implementaion.cpp(93,45): warning C4305:         [
D:\AI-BMT\SNU_BMT_GUI_Submitter_Windows\SNU_BMT_GUI_Submitter_Windows_MSVC2022_64bit\Image_Classification_Implementaion.cpp(93,45): warning C4305:             _Ty=float
D:\AI-BMT\SNU_BMT_GUI_Submitter_Windows\SNU_BMT_GUI_Submitter_Windows_MSVC2022_64bit\Image_Classification_Implementaion.cpp(93,45): warning C4305:         ]
D:\AI-BMT\SNU_BMT_GUI_Submitter_Windows\SNU_BMT_GUI_Submitter_Windows_MSVC2022_64bit\Image_Classification_Implementaion.cpp(93,52): warning C4305: '초기화 중': 'double'에서 '_Ty'(으)로 잘립니다.
D:\AI-BMT\SNU_BMT_GUI_Submitter_Windows\SNU_BMT_GUI_Submitter_Windows_MSVC2022_64bit\Image_Classification_Implementaion.cpp(93,52): warning C4305:         with
D:\AI-BMT\SNU_BMT_GUI_Submitter_Windows\SNU_BMT_GUI_Submitter_Windows_MSVC2022_64bit\Image_Classification_Implementaion.cpp(93,52): warning C4305:         [
D:\AI-BMT\SNU_BMT_GUI_Submitter_Windows\SNU_BMT_GUI_Submitter_Windows_MSVC2022_64bit\Image_Classification_Implementaion.cpp(93,52): warning C4305:             _Ty=float
D:\AI-BMT\SNU_BMT_GUI_Submitter_Windows\SNU_BMT_GUI_Submitter_Windows_MSVC2022_64bit\Image_Classification_Implementaion.cpp(93,52): warning C4305:         ]
D:\AI-BMT\SNU_BMT_GUI_Submitter_Windows\SNU_BMT_GUI_Submitter_Windows_MSVC2022_64bit\Image_Classification_Implementaion.cpp(110,40): warning C4267: '초기화 중': 'size_t'에서 'int'(으)로 변환하면서 데이터가 손실될 수 있습니다.
D:\AI-BMT\SNU_BMT_GUI_Submitter_Windows\SNU_BMT_GUI_Submitter_Windows_MSVC2022_64bit\Image_Classification_Implementaion.cpp(110,29): warning C4267: '초기화 중': 'size_t'에서 'const int'(으)로 변환하면서 데이터가 손실될 수 있습니다.
  main.cpp
D:\AI-BMT\SNU_BMT_GUI_Submitter_Windows\include\snu_bmt_interface.h(24,19): warning C4251: 'BMTResult::classProbabilities': 'std::vector<float,std::allocator<float>>'에서는 'BMTResult'의 클라이언트에서 DLL 인터페이스를 사용하도록 지정해야 함
  (소스 파일 'main.cpp'을(를) 컴파일하는 중)
      C:\Program Files\Microsoft Visual Studio\2022\Community\VC\Tools\MSVC\14.43.34808\include\vector(429,7):
      'std::vector<float,std::allocator<float>>' 선언을 참조하십시오.
  
D:\AI-BMT\SNU_BMT_GUI_Submitter_Windows\include\snu_bmt_interface.h(30,19): warning C4251: 'BMTResult::objectDetectionResult': 'std::vector<float,std::allocator<float>>'에서는 'BMTResult'의 클라이언트에서 DLL 인터페이스를 사용하도록 지정해야 함
  (소스 파일 'main.cpp'을(를) 컴파일하는 중)
      C:\Program Files\Microsoft Visual Studio\2022\Community\VC\Tools\MSVC\14.43.34808\include\vector(429,7):
      'std::vector<float,std::allocator<float>>' 선언을 참조하십시오.
  
D:\AI-BMT\SNU_BMT_GUI_Submitter_Windows\include\snu_bmt_interface.h(37,12): warning C4251: 'Optional_Data::cpu_type': 'std::basic_string<char,std::char_traits<char>,std::allocator<char>>'에서는 'Optional_Data'의 클라이언트에서 DLL 인터페이스를 사용하도록 지정해야 함
  (소스 파일 'main.cpp'을(를) 컴파일하는 중)
      C:\Program Files\Microsoft Visual Studio\2022\Community\VC\Tools\MSVC\14.43.34808\include\xstring(522,7):
      'std::basic_string<char,std::char_traits<char>,std::allocator<char>>' 선언을 참조하십시오.
  
D:\AI-BMT\SNU_BMT_GUI_Submitter_Windows\include\snu_bmt_interface.h(38,12): warning C4251: 'Optional_Data::accelerator_type': 'std::basic_string<char,std::char_traits<char>,std::allocator<char>>'에서는 'Optional_Data'의 클라이언트에서 DLL 인터페이스를 사용하도록 지정해야 함
  (소스 파일 'main.cpp'을(를) 컴파일하는 중)
      C:\Program Files\Microsoft Visual Studio\2022\Community\VC\Tools\MSVC\14.43.34808\include\xstring(522,7):
      'std::basic_string<char,std::char_traits<char>,std::allocator<char>>' 선언을 참조하십시오.
  
D:\AI-BMT\SNU_BMT_GUI_Submitter_Windows\include\snu_bmt_interface.h(39,12): warning C4251: 'Optional_Data::submitter': 'std::basic_string<char,std::char_traits<char>,std::allocator<char>>'에서는 'Optional_Data'의 클라이언트에서 DLL 인터페이스를 사용하도록 지정해야 함
  (소스 파일 'main.cpp'을(를) 컴파일하는 중)
      C:\Program Files\Microsoft Visual Studio\2022\Community\VC\Tools\MSVC\14.43.34808\include\xstring(522,7):
      'std::basic_string<char,std::char_traits<char>,std::allocator<char>>' 선언을 참조하십시오.
  
D:\AI-BMT\SNU_BMT_GUI_Submitter_Windows\include\snu_bmt_interface.h(40,12): warning C4251: 'Optional_Data::cpu_core_count': 'std::basic_string<char,std::char_traits<char>,std::allocator<char>>'에서는 'Optional_Data'의 클라이언트에서 DLL 인터페이스를 사용하도록 지정해야 함
  (소스 파일 'main.cpp'을(를) 컴파일하는 중)
      C:\Program Files\Microsoft Visual Studio\2022\Community\VC\Tools\MSVC\14.43.34808\include\xstring(522,7):
      'std::basic_string<char,std::char_traits<char>,std::allocator<char>>' 선언을 참조하십시오.
  
D:\AI-BMT\SNU_BMT_GUI_Submitter_Windows\include\snu_bmt_interface.h(41,12): warning C4251: 'Optional_Data::cpu_ram_capacity': 'std::basic_string<char,std::char_traits<char>,std::allocator<char>>'에서는 'Optional_Data'의 클라이언트에서 DLL 인터페이스를 사용하도록 지정해야 함
  (소스 파일 'main.cpp'을(를) 컴파일하는 중)
      C:\Program Files\Microsoft Visual Studio\2022\Community\VC\Tools\MSVC\14.43.34808\include\xstring(522,7):
      'std::basic_string<char,std::char_traits<char>,std::allocator<char>>' 선언을 참조하십시오.
  
D:\AI-BMT\SNU_BMT_GUI_Submitter_Windows\include\snu_bmt_interface.h(42,12): warning C4251: 'Optional_Data::cooling': 'std::basic_string<char,std::char_traits<char>,std::allocator<char>>'에서는 'Optional_Data'의 클라이언트에서 DLL 인터페이스를 사용하도록 지정해야 함
  (소스 파일 'main.cpp'을(를) 컴파일하는 중)
      C:\Program Files\Microsoft Visual Studio\2022\Community\VC\Tools\MSVC\14.43.34808\include\xstring(522,7):
      'std::basic_string<char,std::char_traits<char>,std::allocator<char>>' 선언을 참조하십시오.
  
D:\AI-BMT\SNU_BMT_GUI_Submitter_Windows\include\snu_bmt_interface.h(43,12): warning C4251: 'Optional_Data::cooling_option': 'std::basic_string<char,std::char_traits<char>,std::allocator<char>>'에서는 'Optional_Data'의 클라이언트에서 DLL 인터페이스를 사용하도록 지정해야 함
  (소스 파일 'main.cpp'을(를) 컴파일하는 중)
      C:\Program Files\Microsoft Visual Studio\2022\Community\VC\Tools\MSVC\14.43.34808\include\xstring(522,7):
      'std::basic_string<char,std::char_traits<char>,std::allocator<char>>' 선언을 참조하십시오.
  
D:\AI-BMT\SNU_BMT_GUI_Submitter_Windows\include\snu_bmt_interface.h(44,12): warning C4251: 'Optional_Data::cpu_accelerator_interconnect_interface': 'std::basic_string<char,std::char_traits<char>,std::allocator<char>>'에서는 'Optional_Data'의 클라이언트에서 DLL 인터페이스를 사용하도록 지정해야 함
  (소스 파일 'main.cpp'을(를) 컴파일하는 중)
      C:\Program Files\Microsoft Visual Studio\2022\Community\VC\Tools\MSVC\14.43.34808\include\xstring(522,7):
      'std::basic_string<char,std::char_traits<char>,std::allocator<char>>' 선언을 참조하십시오.
  
D:\AI-BMT\SNU_BMT_GUI_Submitter_Windows\include\snu_bmt_interface.h(45,12): warning C4251: 'Optional_Data::benchmark_model': 'std::basic_string<char,std::char_traits<char>,std::allocator<char>>'에서는 'Optional_Data'의 클라이언트에서 DLL 인터페이스를 사용하도록 지정해야 함
  (소스 파일 'main.cpp'을(를) 컴파일하는 중)
      C:\Program Files\Microsoft Visual Studio\2022\Community\VC\Tools\MSVC\14.43.34808\include\xstring(522,7):
      'std::basic_string<char,std::char_traits<char>,std::allocator<char>>' 선언을 참조하십시오.
  
D:\AI-BMT\SNU_BMT_GUI_Submitter_Windows\include\snu_bmt_interface.h(46,12): warning C4251: 'Optional_Data::operating_system': 'std::basic_string<char,std::char_traits<char>,std::allocator<char>>'에서는 'Optional_Data'의 클라이언트에서 DLL 인터페이스를 사용하도록 지정해야 함
  (소스 파일 'main.cpp'을(를) 컴파일하는 중)
      C:\Program Files\Microsoft Visual Studio\2022\Community\VC\Tools\MSVC\14.43.34808\include\xstring(522,7):
      'std::basic_string<char,std::char_traits<char>,std::allocator<char>>' 선언을 참조하십시오.
  
D:\AI-BMT\SNU_BMT_GUI_Submitter_Windows\include\snu_bmt_gui_caller.h(17,35): warning C4251: 'SNU_BMT_GUI_CALLER::interface': 'std::shared_ptr<SNU_BMT_Interface>'에서는 'SNU_BMT_GUI_CALLER'의 클라이언트에서 DLL 인터페이스를 사용하도록 지정해야 함
  (소스 파일 'main.cpp'을(를) 컴파일하는 중)
      C:\Program Files\Microsoft Visual Studio\2022\Community\VC\Tools\MSVC\14.43.34808\include\memory(1557,7):
      'std::shared_ptr<SNU_BMT_Interface>' 선언을 참조하십시오.
  
D:\AI-BMT\SNU_BMT_GUI_Submitter_Windows\include\snu_bmt_gui_caller.h(18,12): warning C4251: 'SNU_BMT_GUI_CALLER::modelPath': 'std::basic_string<char,std::char_traits<char>,std::allocator<char>>'에서는 'SNU_BMT_GUI_CALLER'의 클라이언트에서 DLL 인터페이스를 사용하도록 지정해야 함
  (소스 파일 'main.cpp'을(를) 컴파일하는 중)
      C:\Program Files\Microsoft Visual Studio\2022\Community\VC\Tools\MSVC\14.43.34808\include\xstring(522,7):
      'std::basic_string<char,std::char_traits<char>,std::allocator<char>>' 선언을 참조하십시오.
  
D:\AI-BMT\SNU_BMT_GUI_Submitter_Windows\SNU_BMT_GUI_Submitter_Windows_MSVC2022_64bit\main.cpp(92,39): warning C4305: '초기화 중': 'double'에서 '_Ty'(으)로 잘립니다.
D:\AI-BMT\SNU_BMT_GUI_Submitter_Windows\SNU_BMT_GUI_Submitter_Windows_MSVC2022_64bit\main.cpp(92,39): warning C4305:         with
D:\AI-BMT\SNU_BMT_GUI_Submitter_Windows\SNU_BMT_GUI_Submitter_Windows_MSVC2022_64bit\main.cpp(92,39): warning C4305:         [
D:\AI-BMT\SNU_BMT_GUI_Submitter_Windows\SNU_BMT_GUI_Submitter_Windows_MSVC2022_64bit\main.cpp(92,39): warning C4305:             _Ty=float
D:\AI-BMT\SNU_BMT_GUI_Submitter_Windows\SNU_BMT_GUI_Submitter_Windows_MSVC2022_64bit\main.cpp(92,39): warning C4305:         ]
D:\AI-BMT\SNU_BMT_GUI_Submitter_Windows\SNU_BMT_GUI_Submitter_Windows_MSVC2022_64bit\main.cpp(92,46): warning C4305: '초기화 중': 'double'에서 '_Ty'(으)로 잘립니다.
D:\AI-BMT\SNU_BMT_GUI_Submitter_Windows\SNU_BMT_GUI_Submitter_Windows_MSVC2022_64bit\main.cpp(92,46): warning C4305:         with
D:\AI-BMT\SNU_BMT_GUI_Submitter_Windows\SNU_BMT_GUI_Submitter_Windows_MSVC2022_64bit\main.cpp(92,46): warning C4305:         [
D:\AI-BMT\SNU_BMT_GUI_Submitter_Windows\SNU_BMT_GUI_Submitter_Windows_MSVC2022_64bit\main.cpp(92,46): warning C4305:             _Ty=float
D:\AI-BMT\SNU_BMT_GUI_Submitter_Windows\SNU_BMT_GUI_Submitter_Windows_MSVC2022_64bit\main.cpp(92,46): warning C4305:         ]
D:\AI-BMT\SNU_BMT_GUI_Submitter_Windows\SNU_BMT_GUI_Submitter_Windows_MSVC2022_64bit\main.cpp(92,53): warning C4305: '초기화 중': 'double'에서 '_Ty'(으)로 잘립니다.
D:\AI-BMT\SNU_BMT_GUI_Submitter_Windows\SNU_BMT_GUI_Submitter_Windows_MSVC2022_64bit\main.cpp(92,53): warning C4305:         with
D:\AI-BMT\SNU_BMT_GUI_Submitter_Windows\SNU_BMT_GUI_Submitter_Windows_MSVC2022_64bit\main.cpp(92,53): warning C4305:         [
D:\AI-BMT\SNU_BMT_GUI_Submitter_Windows\SNU_BMT_GUI_Submitter_Windows_MSVC2022_64bit\main.cpp(92,53): warning C4305:             _Ty=float
D:\AI-BMT\SNU_BMT_GUI_Submitter_Windows\SNU_BMT_GUI_Submitter_Windows_MSVC2022_64bit\main.cpp(92,53): warning C4305:         ]
D:\AI-BMT\SNU_BMT_GUI_Submitter_Windows\SNU_BMT_GUI_Submitter_Windows_MSVC2022_64bit\main.cpp(93,38): warning C4305: '초기화 중': 'double'에서 '_Ty'(으)로 잘립니다.
D:\AI-BMT\SNU_BMT_GUI_Submitter_Windows\SNU_BMT_GUI_Submitter_Windows_MSVC2022_64bit\main.cpp(93,38): warning C4305:         with
D:\AI-BMT\SNU_BMT_GUI_Submitter_Windows\SNU_BMT_GUI_Submitter_Windows_MSVC2022_64bit\main.cpp(93,38): warning C4305:         [
D:\AI-BMT\SNU_BMT_GUI_Submitter_Windows\SNU_BMT_GUI_Submitter_Windows_MSVC2022_64bit\main.cpp(93,38): warning C4305:             _Ty=float
D:\AI-BMT\SNU_BMT_GUI_Submitter_Windows\SNU_BMT_GUI_Submitter_Windows_MSVC2022_64bit\main.cpp(93,38): warning C4305:         ]
D:\AI-BMT\SNU_BMT_GUI_Submitter_Windows\SNU_BMT_GUI_Submitter_Windows_MSVC2022_64bit\main.cpp(93,45): warning C4305: '초기화 중': 'double'에서 '_Ty'(으)로 잘립니다.
D:\AI-BMT\SNU_BMT_GUI_Submitter_Windows\SNU_BMT_GUI_Submitter_Windows_MSVC2022_64bit\main.cpp(93,45): warning C4305:         with
D:\AI-BMT\SNU_BMT_GUI_Submitter_Windows\SNU_BMT_GUI_Submitter_Windows_MSVC2022_64bit\main.cpp(93,45): warning C4305:         [
D:\AI-BMT\SNU_BMT_GUI_Submitter_Windows\SNU_BMT_GUI_Submitter_Windows_MSVC2022_64bit\main.cpp(93,45): warning C4305:             _Ty=float
D:\AI-BMT\SNU_BMT_GUI_Submitter_Windows\SNU_BMT_GUI_Submitter_Windows_MSVC2022_64bit\main.cpp(93,45): warning C4305:         ]
D:\AI-BMT\SNU_BMT_GUI_Submitter_Windows\SNU_BMT_GUI_Submitter_Windows_MSVC2022_64bit\main.cpp(93,52): warning C4305: '초기화 중': 'double'에서 '_Ty'(으)로 잘립니다.
D:\AI-BMT\SNU_BMT_GUI_Submitter_Windows\SNU_BMT_GUI_Submitter_Windows_MSVC2022_64bit\main.cpp(93,52): warning C4305:         with
D:\AI-BMT\SNU_BMT_GUI_Submitter_Windows\SNU_BMT_GUI_Submitter_Windows_MSVC2022_64bit\main.cpp(93,52): warning C4305:         [
D:\AI-BMT\SNU_BMT_GUI_Submitter_Windows\SNU_BMT_GUI_Submitter_Windows_MSVC2022_64bit\main.cpp(93,52): warning C4305:             _Ty=float
D:\AI-BMT\SNU_BMT_GUI_Submitter_Windows\SNU_BMT_GUI_Submitter_Windows_MSVC2022_64bit\main.cpp(93,52): warning C4305:         ]
D:\AI-BMT\SNU_BMT_GUI_Submitter_Windows\SNU_BMT_GUI_Submitter_Windows_MSVC2022_64bit\main.cpp(110,40): warning C4267: '초기화 중': 'size_t'에서 'int'(으)로 변환하면서 데이터가 손실될 수 있습니다.
D:\AI-BMT\SNU_BMT_GUI_Submitter_Windows\SNU_BMT_GUI_Submitter_Windows_MSVC2022_64bit\main.cpp(110,29): warning C4267: '초기화 중': 'size_t'에서 'const int'(으)로 변환하면서 데이터가 손실될 수 있습니다.
  ObjectDetection_Implementation.cpp
D:\AI-BMT\SNU_BMT_GUI_Submitter_Windows\include\snu_bmt_interface.h(24,19): warning C4251: 'BMTResult::classProbabilities': 'std::vector<float,std::allocator<float>>'에서는 'BMTResult'의 클라이언트에서 DLL 인터페이스를 사용하도록 지정해야 함
  (소스 파일 'ObjectDetection_Implementation.cpp'을(를) 컴파일하는 중)
      C:\Program Files\Microsoft Visual Studio\2022\Community\VC\Tools\MSVC\14.43.34808\include\vector(429,7):
      'std::vector<float,std::allocator<float>>' 선언을 참조하십시오.
  
D:\AI-BMT\SNU_BMT_GUI_Submitter_Windows\include\snu_bmt_interface.h(30,19): warning C4251: 'BMTResult::objectDetectionResult': 'std::vector<float,std::allocator<float>>'에서는 'BMTResult'의 클라이언트에서 DLL 인터페이스를 사용하도록 지정해야 함
  (소스 파일 'ObjectDetection_Implementation.cpp'을(를) 컴파일하는 중)
      C:\Program Files\Microsoft Visual Studio\2022\Community\VC\Tools\MSVC\14.43.34808\include\vector(429,7):
      'std::vector<float,std::allocator<float>>' 선언을 참조하십시오.
  
D:\AI-BMT\SNU_BMT_GUI_Submitter_Windows\include\snu_bmt_interface.h(37,12): warning C4251: 'Optional_Data::cpu_type': 'std::basic_string<char,std::char_traits<char>,std::allocator<char>>'에서는 'Optional_Data'의 클라이언트에서 DLL 인터페이스를 사용하도록 지정해야 함
  (소스 파일 'ObjectDetection_Implementation.cpp'을(를) 컴파일하는 중)
      C:\Program Files\Microsoft Visual Studio\2022\Community\VC\Tools\MSVC\14.43.34808\include\xstring(522,7):
      'std::basic_string<char,std::char_traits<char>,std::allocator<char>>' 선언을 참조하십시오.
  
D:\AI-BMT\SNU_BMT_GUI_Submitter_Windows\include\snu_bmt_interface.h(38,12): warning C4251: 'Optional_Data::accelerator_type': 'std::basic_string<char,std::char_traits<char>,std::allocator<char>>'에서는 'Optional_Data'의 클라이언트에서 DLL 인터페이스를 사용하도록 지정해야 함
  (소스 파일 'ObjectDetection_Implementation.cpp'을(를) 컴파일하는 중)
      C:\Program Files\Microsoft Visual Studio\2022\Community\VC\Tools\MSVC\14.43.34808\include\xstring(522,7):
      'std::basic_string<char,std::char_traits<char>,std::allocator<char>>' 선언을 참조하십시오.
  
D:\AI-BMT\SNU_BMT_GUI_Submitter_Windows\include\snu_bmt_interface.h(39,12): warning C4251: 'Optional_Data::submitter': 'std::basic_string<char,std::char_traits<char>,std::allocator<char>>'에서는 'Optional_Data'의 클라이언트에서 DLL 인터페이스를 사용하도록 지정해야 함
  (소스 파일 'ObjectDetection_Implementation.cpp'을(를) 컴파일하는 중)
      C:\Program Files\Microsoft Visual Studio\2022\Community\VC\Tools\MSVC\14.43.34808\include\xstring(522,7):
      'std::basic_string<char,std::char_traits<char>,std::allocator<char>>' 선언을 참조하십시오.
  
D:\AI-BMT\SNU_BMT_GUI_Submitter_Windows\include\snu_bmt_interface.h(40,12): warning C4251: 'Optional_Data::cpu_core_count': 'std::basic_string<char,std::char_traits<char>,std::allocator<char>>'에서는 'Optional_Data'의 클라이언트에서 DLL 인터페이스를 사용하도록 지정해야 함
  (소스 파일 'ObjectDetection_Implementation.cpp'을(를) 컴파일하는 중)
      C:\Program Files\Microsoft Visual Studio\2022\Community\VC\Tools\MSVC\14.43.34808\include\xstring(522,7):
      'std::basic_string<char,std::char_traits<char>,std::allocator<char>>' 선언을 참조하십시오.
  
D:\AI-BMT\SNU_BMT_GUI_Submitter_Windows\include\snu_bmt_interface.h(41,12): warning C4251: 'Optional_Data::cpu_ram_capacity': 'std::basic_string<char,std::char_traits<char>,std::allocator<char>>'에서는 'Optional_Data'의 클라이언트에서 DLL 인터페이스를 사용하도록 지정해야 함
  (소스 파일 'ObjectDetection_Implementation.cpp'을(를) 컴파일하는 중)
      C:\Program Files\Microsoft Visual Studio\2022\Community\VC\Tools\MSVC\14.43.34808\include\xstring(522,7):
      'std::basic_string<char,std::char_traits<char>,std::allocator<char>>' 선언을 참조하십시오.
  
D:\AI-BMT\SNU_BMT_GUI_Submitter_Windows\include\snu_bmt_interface.h(42,12): warning C4251: 'Optional_Data::cooling': 'std::basic_string<char,std::char_traits<char>,std::allocator<char>>'에서는 'Optional_Data'의 클라이언트에서 DLL 인터페이스를 사용하도록 지정해야 함
  (소스 파일 'ObjectDetection_Implementation.cpp'을(를) 컴파일하는 중)
      C:\Program Files\Microsoft Visual Studio\2022\Community\VC\Tools\MSVC\14.43.34808\include\xstring(522,7):
      'std::basic_string<char,std::char_traits<char>,std::allocator<char>>' 선언을 참조하십시오.
  
D:\AI-BMT\SNU_BMT_GUI_Submitter_Windows\include\snu_bmt_interface.h(43,12): warning C4251: 'Optional_Data::cooling_option': 'std::basic_string<char,std::char_traits<char>,std::allocator<char>>'에서는 'Optional_Data'의 클라이언트에서 DLL 인터페이스를 사용하도록 지정해야 함
  (소스 파일 'ObjectDetection_Implementation.cpp'을(를) 컴파일하는 중)
      C:\Program Files\Microsoft Visual Studio\2022\Community\VC\Tools\MSVC\14.43.34808\include\xstring(522,7):
      'std::basic_string<char,std::char_traits<char>,std::allocator<char>>' 선언을 참조하십시오.
  
D:\AI-BMT\SNU_BMT_GUI_Submitter_Windows\include\snu_bmt_interface.h(44,12): warning C4251: 'Optional_Data::cpu_accelerator_interconnect_interface': 'std::basic_string<char,std::char_traits<char>,std::allocator<char>>'에서는 'Optional_Data'의 클라이언트에서 DLL 인터페이스를 사용하도록 지정해야 함
  (소스 파일 'ObjectDetection_Implementation.cpp'을(를) 컴파일하는 중)
      C:\Program Files\Microsoft Visual Studio\2022\Community\VC\Tools\MSVC\14.43.34808\include\xstring(522,7):
      'std::basic_string<char,std::char_traits<char>,std::allocator<char>>' 선언을 참조하십시오.
  
D:\AI-BMT\SNU_BMT_GUI_Submitter_Windows\include\snu_bmt_interface.h(45,12): warning C4251: 'Optional_Data::benchmark_model': 'std::basic_string<char,std::char_traits<char>,std::allocator<char>>'에서는 'Optional_Data'의 클라이언트에서 DLL 인터페이스를 사용하도록 지정해야 함
  (소스 파일 'ObjectDetection_Implementation.cpp'을(를) 컴파일하는 중)
      C:\Program Files\Microsoft Visual Studio\2022\Community\VC\Tools\MSVC\14.43.34808\include\xstring(522,7):
      'std::basic_string<char,std::char_traits<char>,std::allocator<char>>' 선언을 참조하십시오.
  
D:\AI-BMT\SNU_BMT_GUI_Submitter_Windows\include\snu_bmt_interface.h(46,12): warning C4251: 'Optional_Data::operating_system': 'std::basic_string<char,std::char_traits<char>,std::allocator<char>>'에서는 'Optional_Data'의 클라이언트에서 DLL 인터페이스를 사용하도록 지정해야 함
  (소스 파일 'ObjectDetection_Implementation.cpp'을(를) 컴파일하는 중)
      C:\Program Files\Microsoft Visual Studio\2022\Community\VC\Tools\MSVC\14.43.34808\include\xstring(522,7):
      'std::basic_string<char,std::char_traits<char>,std::allocator<char>>' 선언을 참조하십시오.
  
D:\AI-BMT\SNU_BMT_GUI_Submitter_Windows\include\snu_bmt_gui_caller.h(17,35): warning C4251: 'SNU_BMT_GUI_CALLER::interface': 'std::shared_ptr<SNU_BMT_Interface>'에서는 'SNU_BMT_GUI_CALLER'의 클라이언트에서 DLL 인터페이스를 사용하도록 지정해야 함
  (소스 파일 'ObjectDetection_Implementation.cpp'을(를) 컴파일하는 중)
      C:\Program Files\Microsoft Visual Studio\2022\Community\VC\Tools\MSVC\14.43.34808\include\memory(1557,7):
      'std::shared_ptr<SNU_BMT_Interface>' 선언을 참조하십시오.
  
D:\AI-BMT\SNU_BMT_GUI_Submitter_Windows\include\snu_bmt_gui_caller.h(18,12): warning C4251: 'SNU_BMT_GUI_CALLER::modelPath': 'std::basic_string<char,std::char_traits<char>,std::allocator<char>>'에서는 'SNU_BMT_GUI_CALLER'의 클라이언트에서 DLL 인터페이스를 사용하도록 지정해야 함
  (소스 파일 'ObjectDetection_Implementation.cpp'을(를) 컴파일하는 중)
      C:\Program Files\Microsoft Visual Studio\2022\Community\VC\Tools\MSVC\14.43.34808\include\xstring(522,7):
      'std::basic_string<char,std::char_traits<char>,std::allocator<char>>' 선언을 참조하십시오.
  
D:\AI-BMT\SNU_BMT_GUI_Submitter_Windows\SNU_BMT_GUI_Submitter_Windows_MSVC2022_64bit\ObjectDetection_Implementation.cpp(104,40): warning C4267: '초기화 중': 'size_t'에서 'int'(으)로 변환하면서 데이터가 손실될 수 있습니다.
D:\AI-BMT\SNU_BMT_GUI_Submitter_Windows\SNU_BMT_GUI_Submitter_Windows_MSVC2022_64bit\ObjectDetection_Implementation.cpp(104,29): warning C4267: '초기화 중': 'size_t'에서 'const int'(으)로 변환하면서 데이터가 손실될 수 있습니다.
  코드를 생성하고 있습니다...
     D:\AI-BMT\SNU_BMT_GUI_Submitter_Windows\x64\Debug\AI_BMT_GUI_Submitter_Windows_MSVC2022_64bit.lib 라이브러리 및 D:\AI-BMT\SNU_BMT_GUI_Submitter_Windows\x64\Debug\AI_BMT_GUI_Submitter_Windows_MSVC2022_64bit.exp 개체를 생성하고 있습니다.
  SNU_BMT_GUI_Submitter_Windows_MSVC2022_64bit.vcxproj -> D:\AI-BMT\SNU_BMT_GUI_Submitter_Windows\x64\Debug\AI_BMT_GUI_Submitter_Windows_MSVC2022_64bit.exe
