  main.cpp
D:\AI-BMT\SNU_BMT_GUI_Submitter_Windows\include\snu_bmt_interface.h(27,35): warning C4251: 'BMTResult::objectDetectionResult': class 'std::vector<Coco17DetectionResult,std::allocator<Coco17DetectionResult>>'에서는 struct 'BMTResult'의 클라이언트에서 DLL 인터페이스를 사용하도록 지정해야 합니다.
  (소스 파일 'main.cpp'을(를) 컴파일하는 중)
  D:\AI-BMT\SNU_BMT_GUI_Submitter_Windows\include\snu_bmt_interface.h(27,5):
  'std::vector<Coco17DetectionResult,std::allocator<Coco17DetectionResult>>' 선언을 참조하십시오.
  
D:\AI-BMT\SNU_BMT_GUI_Submitter_Windows\include\snu_bmt_interface.h(34,12): warning C4251: 'Optional_Data::cpu_type': class 'std::basic_string<char,std::char_traits<char>,std::allocator<char>>'에서는 struct 'Optional_Data'의 클라이언트에서 DLL 인터페이스를 사용하도록 지정해야 합니다.
  (소스 파일 'main.cpp'을(를) 컴파일하는 중)
  C:\Program Files\Microsoft Visual Studio\2022\Community\VC\Tools\MSVC\14.38.33130\include\xstring(5127,29):
  'std::basic_string<char,std::char_traits<char>,std::allocator<char>>' 선언을 참조하십시오.
  
D:\AI-BMT\SNU_BMT_GUI_Submitter_Windows\include\snu_bmt_interface.h(35,12): warning C4251: 'Optional_Data::accelerator_type': class 'std::basic_string<char,std::char_traits<char>,std::allocator<char>>'에서는 struct 'Optional_Data'의 클라이언트에서 DLL 인터페이스를 사용하도록 지정해야 합니다.
  (소스 파일 'main.cpp'을(를) 컴파일하는 중)
  C:\Program Files\Microsoft Visual Studio\2022\Community\VC\Tools\MSVC\14.38.33130\include\xstring(5127,29):
  'std::basic_string<char,std::char_traits<char>,std::allocator<char>>' 선언을 참조하십시오.
  
D:\AI-BMT\SNU_BMT_GUI_Submitter_Windows\include\snu_bmt_interface.h(36,12): warning C4251: 'Optional_Data::submitter': class 'std::basic_string<char,std::char_traits<char>,std::allocator<char>>'에서는 struct 'Optional_Data'의 클라이언트에서 DLL 인터페이스를 사용하도록 지정해야 합니다.
  (소스 파일 'main.cpp'을(를) 컴파일하는 중)
  C:\Program Files\Microsoft Visual Studio\2022\Community\VC\Tools\MSVC\14.38.33130\include\xstring(5127,29):
  'std::basic_string<char,std::char_traits<char>,std::allocator<char>>' 선언을 참조하십시오.
  
D:\AI-BMT\SNU_BMT_GUI_Submitter_Windows\include\snu_bmt_interface.h(37,12): warning C4251: 'Optional_Data::cpu_core_count': class 'std::basic_string<char,std::char_traits<char>,std::allocator<char>>'에서는 struct 'Optional_Data'의 클라이언트에서 DLL 인터페이스를 사용하도록 지정해야 합니다.
  (소스 파일 'main.cpp'을(를) 컴파일하는 중)
  C:\Program Files\Microsoft Visual Studio\2022\Community\VC\Tools\MSVC\14.38.33130\include\xstring(5127,29):
  'std::basic_string<char,std::char_traits<char>,std::allocator<char>>' 선언을 참조하십시오.
  
D:\AI-BMT\SNU_BMT_GUI_Submitter_Windows\include\snu_bmt_interface.h(38,12): warning C4251: 'Optional_Data::cpu_ram_capacity': class 'std::basic_string<char,std::char_traits<char>,std::allocator<char>>'에서는 struct 'Optional_Data'의 클라이언트에서 DLL 인터페이스를 사용하도록 지정해야 합니다.
  (소스 파일 'main.cpp'을(를) 컴파일하는 중)
  C:\Program Files\Microsoft Visual Studio\2022\Community\VC\Tools\MSVC\14.38.33130\include\xstring(5127,29):
  'std::basic_string<char,std::char_traits<char>,std::allocator<char>>' 선언을 참조하십시오.
  
D:\AI-BMT\SNU_BMT_GUI_Submitter_Windows\include\snu_bmt_interface.h(39,12): warning C4251: 'Optional_Data::cooling': class 'std::basic_string<char,std::char_traits<char>,std::allocator<char>>'에서는 struct 'Optional_Data'의 클라이언트에서 DLL 인터페이스를 사용하도록 지정해야 합니다.
  (소스 파일 'main.cpp'을(를) 컴파일하는 중)
  C:\Program Files\Microsoft Visual Studio\2022\Community\VC\Tools\MSVC\14.38.33130\include\xstring(5127,29):
  'std::basic_string<char,std::char_traits<char>,std::allocator<char>>' 선언을 참조하십시오.
  
D:\AI-BMT\SNU_BMT_GUI_Submitter_Windows\include\snu_bmt_interface.h(40,12): warning C4251: 'Optional_Data::cooling_option': class 'std::basic_string<char,std::char_traits<char>,std::allocator<char>>'에서는 struct 'Optional_Data'의 클라이언트에서 DLL 인터페이스를 사용하도록 지정해야 합니다.
  (소스 파일 'main.cpp'을(를) 컴파일하는 중)
  C:\Program Files\Microsoft Visual Studio\2022\Community\VC\Tools\MSVC\14.38.33130\include\xstring(5127,29):
  'std::basic_string<char,std::char_traits<char>,std::allocator<char>>' 선언을 참조하십시오.
  
D:\AI-BMT\SNU_BMT_GUI_Submitter_Windows\include\snu_bmt_interface.h(41,12): warning C4251: 'Optional_Data::cpu_accelerator_interconnect_interface': class 'std::basic_string<char,std::char_traits<char>,std::allocator<char>>'에서는 struct 'Optional_Data'의 클라이언트에서 DLL 인터페이스를 사용하도록 지정해야 합니다.
  (소스 파일 'main.cpp'을(를) 컴파일하는 중)
  C:\Program Files\Microsoft Visual Studio\2022\Community\VC\Tools\MSVC\14.38.33130\include\xstring(5127,29):
  'std::basic_string<char,std::char_traits<char>,std::allocator<char>>' 선언을 참조하십시오.
  
D:\AI-BMT\SNU_BMT_GUI_Submitter_Windows\include\snu_bmt_interface.h(42,12): warning C4251: 'Optional_Data::benchmark_model': class 'std::basic_string<char,std::char_traits<char>,std::allocator<char>>'에서는 struct 'Optional_Data'의 클라이언트에서 DLL 인터페이스를 사용하도록 지정해야 합니다.
  (소스 파일 'main.cpp'을(를) 컴파일하는 중)
  C:\Program Files\Microsoft Visual Studio\2022\Community\VC\Tools\MSVC\14.38.33130\include\xstring(5127,29):
  'std::basic_string<char,std::char_traits<char>,std::allocator<char>>' 선언을 참조하십시오.
  
D:\AI-BMT\SNU_BMT_GUI_Submitter_Windows\include\snu_bmt_interface.h(43,12): warning C4251: 'Optional_Data::operating_system': class 'std::basic_string<char,std::char_traits<char>,std::allocator<char>>'에서는 struct 'Optional_Data'의 클라이언트에서 DLL 인터페이스를 사용하도록 지정해야 합니다.
  (소스 파일 'main.cpp'을(를) 컴파일하는 중)
  C:\Program Files\Microsoft Visual Studio\2022\Community\VC\Tools\MSVC\14.38.33130\include\xstring(5127,29):
  'std::basic_string<char,std::char_traits<char>,std::allocator<char>>' 선언을 참조하십시오.
  
D:\AI-BMT\SNU_BMT_GUI_Submitter_Windows\include\snu_bmt_gui_caller.h(17,35): warning C4251: 'SNU_BMT_GUI_CALLER::interface': class 'std::shared_ptr<SNU_BMT_Interface>'에서는 class 'SNU_BMT_GUI_CALLER'의 클라이언트에서 DLL 인터페이스를 사용하도록 지정해야 합니다.
  (소스 파일 'main.cpp'을(를) 컴파일하는 중)
  D:\AI-BMT\SNU_BMT_GUI_Submitter_Windows\include\snu_bmt_gui_caller.h(17,5):
  'std::shared_ptr<SNU_BMT_Interface>' 선언을 참조하십시오.
  
D:\AI-BMT\SNU_BMT_GUI_Submitter_Windows\include\snu_bmt_gui_caller.h(18,12): warning C4251: 'SNU_BMT_GUI_CALLER::modelPath': class 'std::basic_string<char,std::char_traits<char>,std::allocator<char>>'에서는 class 'SNU_BMT_GUI_CALLER'의 클라이언트에서 DLL 인터페이스를 사용하도록 지정해야 합니다.
  (소스 파일 'main.cpp'을(를) 컴파일하는 중)
  C:\Program Files\Microsoft Visual Studio\2022\Community\VC\Tools\MSVC\14.38.33130\include\xstring(5127,29):
  'std::basic_string<char,std::char_traits<char>,std::allocator<char>>' 선언을 참조하십시오.
  
D:\AI-BMT\SNU_BMT_GUI_Submitter_Windows\SNU_BMT_GUI_Submitter_Windows_MSVC2022_64bit\main.cpp(49,40): warning C4267: '초기화 중': 'size_t'에서 'int'(으)로 변환하면서 데이터가 손실될 수 있습니다.
D:\AI-BMT\SNU_BMT_GUI_Submitter_Windows\SNU_BMT_GUI_Submitter_Windows_MSVC2022_64bit\main.cpp(49,29): warning C4267: '초기화 중': 'size_t'에서 'const int'(으)로 변환하면서 데이터가 손실될 수 있습니다.
  SNU_BMT_GUI_Submitter_Windows_MSVC2022_64bit.vcxproj -> D:\AI-BMT\SNU_BMT_GUI_Submitter_Windows\x64\Debug\SNU_BMT_GUI_Submitter_Windows_MSVC2022_64bit.exe
